<?xml version="1.0" encoding="UTF-8"?>
<testsuite name="UnivesidadMagdalena.Tienda.service.DetalleEnvioServiceImplTest" tests="6" skipped="0" failures="0" errors="0" timestamp="2024-05-05T18:17:27" hostname="DESKTOP-3LKVOU5" time="0.145">
  <properties/>
  <testcase name="givenEstadoPedido_whenBuscarDetalleenvioPorEstadoDePedido_thenReturnDetalleEnvioDto()" classname="UnivesidadMagdalena.Tienda.service.DetalleEnvioServiceImplTest" time="0.112"/>
  <testcase name="givenDetalleEnvioId_whenBuscarDetalleEnvioPorId_thenReturnDetalleEnvio()" classname="UnivesidadMagdalena.Tienda.service.DetalleEnvioServiceImplTest" time="0.005"/>
  <testcase name="givenId_whenRemoverDetalleEnvio_thenNothing()" classname="UnivesidadMagdalena.Tienda.service.DetalleEnvioServiceImplTest" time="0.006"/>
  <testcase name="givenDetalleEnvio_whenGuardarDetalleEnvio_thenReturnDetalleEnvioGuardado()" classname="UnivesidadMagdalena.Tienda.service.DetalleEnvioServiceImplTest" time="0.006"/>
  <testcase name="givenTransportadora_whenFindByTransportadora_thenReturnDetalleEnvioDto()" classname="UnivesidadMagdalena.Tienda.service.DetalleEnvioServiceImplTest" time="0.003"/>
  <testcase name="givenDetalleEnvioId_whenBuscarDetalleEnvioPorId_thenThrowDetalleEnvioNotFoundException()" classname="UnivesidadMagdalena.Tienda.service.DetalleEnvioServiceImplTest" time="0.004"/>
  <system-out><![CDATA[]]></system-out>
  <system-err><![CDATA[]]></system-err>
</testsuite>
