<?xml version="1.0" encoding="UTF-8"?>
<testsuite name="UnivesidadMagdalena.Tienda.service.ProductoServiceImplTest" tests="8" skipped="0" failures="0" errors="0" timestamp="2024-05-05T18:17:27" hostname="DESKTOP-3LKVOU5" time="0.116">
  <properties/>
  <testcase name="givenNothing_whenGetAllProducto_thenReturnListOfProductos()" classname="UnivesidadMagdalena.Tienda.service.ProductoServiceImplTest" time="0.085"/>
  <testcase name="givenNothing_whenBuscarEnStock_thenReturnListOfProductos()" classname="UnivesidadMagdalena.Tienda.service.ProductoServiceImplTest" time="0.002"/>
  <testcase name="givenTermino_whenPorTerminoDeBusqueda_thenReturnListOfProductos()" classname="UnivesidadMagdalena.Tienda.service.ProductoServiceImplTest" time="0.003"/>
  <testcase name="givenPrecioMaximoAndStockMaximo_whenBuscarPorPrecioMaximoYStockMaximo_thenReturnListOfProductos()" classname="UnivesidadMagdalena.Tienda.service.ProductoServiceImplTest" time="0.002"/>
  <testcase name="givenProductId_whenBuscarProductoById_thenThrowProductoNotFoundException()" classname="UnivesidadMagdalena.Tienda.service.ProductoServiceImplTest" time="0.005"/>
  <testcase name="givenProductId_whenRemoverProducto_thenNothing()" classname="UnivesidadMagdalena.Tienda.service.ProductoServiceImplTest" time="0.006"/>
  <testcase name="givenProducto_whenGuardarProducto_thenReturnProductoGuardado()" classname="UnivesidadMagdalena.Tienda.service.ProductoServiceImplTest" time="0.004"/>
  <testcase name="givenProductId_whenBuscarProductoById_thenReturnProducto()" classname="UnivesidadMagdalena.Tienda.service.ProductoServiceImplTest" time="0.003"/>
  <system-out><![CDATA[]]></system-out>
  <system-err><![CDATA[]]></system-err>
</testsuite>
